<?xml version="1.0" encoding="UTF-8"?>
<testng-results ignored="0" total="3" passed="3" failed="0" skipped="0">
  <reporter-output>
  </reporter-output>
  <suite started-at="2022-08-09T06:38:36Z" name="Wikipedia Test Suite" finished-at="2022-08-09T06:38:54Z" duration-ms="18460">
    <groups>
    </groups>
    <test started-at="2022-08-09T06:38:36Z" name="Wikipedia Advance Search chrome_91" finished-at="2022-08-09T06:38:54Z" duration-ms="18460">
      <class name="com.qa.wikipedia.tests.WikiAdvanceSearchTest">
        <test-method is-config="true" signature="setup(java.lang.String, java.lang.String)[pri:0, instance:com.qa.wikipedia.tests.WikiAdvanceSearchTest@31142d58]" started-at="2022-08-09T06:38:36Z" name="setup" finished-at="2022-08-09T06:38:43Z" duration-ms="7017" status="PASS">
          <params>
            <param index="0">
              <value>
                <![CDATA[chrome]]>
              </value>
            </param>
            <param index="1">
              <value>
                <![CDATA[91.0]]>
              </value>
            </param>
          </params>
          <reporter-output>
          </reporter-output>
        </test-method> <!-- setup -->
        <test-method is-config="true" signature="wikiAdvanceSearchPageSetUp()[pri:0, instance:com.qa.wikipedia.tests.WikiAdvanceSearchTest@31142d58]" started-at="2022-08-09T06:38:43Z" name="wikiAdvanceSearchPageSetUp" finished-at="2022-08-09T06:38:45Z" duration-ms="1713" status="PASS">
          <reporter-output>
          </reporter-output>
        </test-method> <!-- wikiAdvanceSearchPageSetUp -->
        <test-method signature="advanceSearchPageTitleTest()[pri:0, instance:com.qa.wikipedia.tests.WikiAdvanceSearchTest@31142d58]" started-at="2022-08-09T06:38:45Z" name="advanceSearchPageTitleTest" finished-at="2022-08-09T06:38:45Z" duration-ms="389" status="PASS">
          <reporter-output>
          </reporter-output>
        </test-method> <!-- advanceSearchPageTitleTest -->
        <test-method signature="performAdvanceSearchTest()[pri:0, instance:com.qa.wikipedia.tests.WikiAdvanceSearchTest@31142d58]" started-at="2022-08-09T06:38:45Z" name="performAdvanceSearchTest" finished-at="2022-08-09T06:38:54Z" duration-ms="8606" status="PASS">
          <reporter-output>
          </reporter-output>
        </test-method> <!-- performAdvanceSearchTest -->
        <test-method signature="wikiAdvanceUrlTest()[pri:0, instance:com.qa.wikipedia.tests.WikiAdvanceSearchTest@31142d58]" started-at="2022-08-09T06:38:54Z" name="wikiAdvanceUrlTest" finished-at="2022-08-09T06:38:54Z" duration-ms="30" status="PASS">
          <reporter-output>
          </reporter-output>
        </test-method> <!-- wikiAdvanceUrlTest -->
        <test-method is-config="true" signature="tearDown()[pri:0, instance:com.qa.wikipedia.tests.WikiAdvanceSearchTest@31142d58]" started-at="2022-08-09T06:38:54Z" name="tearDown" finished-at="2022-08-09T06:38:54Z" duration-ms="348" status="PASS">
          <reporter-output>
          </reporter-output>
        </test-method> <!-- tearDown -->
      </class> <!-- com.qa.wikipedia.tests.WikiAdvanceSearchTest -->
    </test> <!-- Wikipedia Advance Search chrome_91 -->
  </suite> <!-- Wikipedia Test Suite -->
</testng-results>
