<?xml version="1.0" encoding="UTF-8"?>
<!-- Generated by org.testng.reporters.JUnitXMLReporter -->
<testsuite ignored="0" hostname="DESKTOP-DPB5V59" failures="0" tests="2" name="Wikipedia Test _ chrome_89" time="16.886" errors="0" timestamp="09 Aug 2022 06:37:36 GMT">
  <testcase classname="com.qa.wikipedia.tests.WikiPageTest" name="WikiHomePageTitleTest" time="0.321"/>
  <testcase classname="com.qa.wikipedia.tests.WikiPageTest" name="searchButtonTest" time="0.98"/>
</testsuite> <!-- Wikipedia Test _ chrome_89 -->
