<?xml version="1.0" encoding="UTF-8"?>
<!-- Generated by org.testng.reporters.JUnitXMLReporter -->
<testsuite ignored="0" hostname="DESKTOP-DPB5V59" failures="0" tests="3" name="Wikipedia Advance Search chrome_91" time="18.46" errors="0" timestamp="09 Aug 2022 06:38:55 GMT">
  <testcase classname="com.qa.wikipedia.tests.WikiAdvanceSearchTest" name="advanceSearchPageTitleTest" time="0.389"/>
  <testcase classname="com.qa.wikipedia.tests.WikiAdvanceSearchTest" name="performAdvanceSearchTest" time="8.606"/>
  <testcase classname="com.qa.wikipedia.tests.WikiAdvanceSearchTest" name="wikiAdvanceUrlTest" time="0.03"/>
</testsuite> <!-- Wikipedia Advance Search chrome_91 -->
